Started on 15-May-2019 14:13:00
Using strategy: Default
[poll] Last Built Revision: Revision 179906ddc1dd5ead44e93422706be0c74931ff2e (origin/feature/prTrigger)
No credentials specified
 > git rev-parse --is-inside-work-tree # timeout=10
Fetching changes from the remote Git repositories
 > git config remote.origin.url git@github.com:mackah666/gradle.essentials.git # timeout=10
Fetching upstream changes from git@github.com:mackah666/gradle.essentials.git
 > git --version # timeout=10
 > git fetch --tags --force --progress git@github.com:mackah666/gradle.essentials.git +refs/heads/*:refs/remotes/origin/*
Polling for changes in
Seen branch in repository origin/develop
Seen branch in repository origin/feature/prTrigger
Seen branch in repository origin/master
Seen 3 remote branches
 > git show-ref --tags -d # timeout=10
 > git log --full-history --no-abbrev --format=raw -M -m 179906ddc1dd5ead44e93422706be0c74931ff2e..91525628874932e80b0b6a85ecf8c3c17574c323 # timeout=10
Using strategy: Default
[poll] Last Built Revision: Revision 179906ddc1dd5ead44e93422706be0c74931ff2e (origin/feature/prTrigger)
No credentials specified
 > git rev-parse --is-inside-work-tree # timeout=10
Fetching changes from the remote Git repositories
 > git config remote.origin.url git@github.com:mackah666/gradle.essentials.git # timeout=10
Fetching upstream changes from git@github.com:mackah666/gradle.essentials.git
 > git --version # timeout=10
 > git fetch --tags --force --progress git@github.com:mackah666/gradle.essentials.git +refs/heads/*:refs/remotes/origin/*
Polling for changes in
Seen branch in repository origin/develop
Seen branch in repository origin/feature/prTrigger
Seen branch in repository origin/master
Seen 3 remote branches
 > git show-ref --tags -d # timeout=10
 > git log --full-history --no-abbrev --format=raw -M -m 179906ddc1dd5ead44e93422706be0c74931ff2e..91525628874932e80b0b6a85ecf8c3c17574c323 # timeout=10
Done. Took 5.2 sec
Changes found
